<?xml version="1.0" encoding="UTF-8"?>
<testng-results skipped="0" failed="0" ignored="0" total="3" passed="3">
  <reporter-output>
  </reporter-output>
  <suite name="Default suite" duration-ms="42" started-at="2018-08-21T17:27:05Z" finished-at="2018-08-21T17:27:05Z">
    <groups>
    </groups>
    <test name="Default test" duration-ms="42" started-at="2018-08-21T17:27:05Z" finished-at="2018-08-21T17:27:05Z">
      <class name="testclasses.TestAnnotation">
        <test-method status="PASS" signature="testMethod1()[pri:0, instance:testclasses.TestAnnotation@5afa04c]" name="testMethod1" duration-ms="13" started-at="2018-08-21T12:27:05Z" finished-at="2018-08-21T12:27:05Z">
          <reporter-output>
          </reporter-output>
        </test-method> <!-- testMethod1 -->
        <test-method status="PASS" signature="testMethod2()[pri:0, instance:testclasses.TestAnnotation@5afa04c]" name="testMethod2" duration-ms="2" started-at="2018-08-21T12:27:05Z" finished-at="2018-08-21T12:27:05Z">
          <reporter-output>
          </reporter-output>
        </test-method> <!-- testMethod2 -->
        <test-method status="PASS" signature="testMethod3()[pri:0, instance:testclasses.TestAnnotation@5afa04c]" name="testMethod3" duration-ms="1" started-at="2018-08-21T12:27:05Z" finished-at="2018-08-21T12:27:05Z">
          <reporter-output>
          </reporter-output>
        </test-method> <!-- testMethod3 -->
      </class> <!-- testclasses.TestAnnotation -->
    </test> <!-- Default test -->
  </suite> <!-- Default suite -->
</testng-results>
