<?xml version="1.0" encoding="UTF-8"?>
<testng-results skipped="0" failed="0" ignored="0" total="3" passed="3">
  <reporter-output>
  </reporter-output>
  <suite name="Default suite" duration-ms="35" started-at="2018-08-22T00:03:48Z" finished-at="2018-08-22T00:03:48Z">
    <groups>
    </groups>
    <test name="Default test" duration-ms="35" started-at="2018-08-22T00:03:48Z" finished-at="2018-08-22T00:03:48Z">
      <class name="testclasses.TestNG_Asserts">
        <test-method status="PASS" signature="testArrays()[pri:0, instance:testclasses.TestNG_Asserts@5afa04c]" name="testArrays" duration-ms="11" started-at="2018-08-21T19:03:48Z" finished-at="2018-08-21T19:03:48Z">
          <reporter-output>
          </reporter-output>
        </test-method> <!-- testArrays -->
        <test-method status="PASS" signature="testStrings()[pri:0, instance:testclasses.TestNG_Asserts@5afa04c]" name="testStrings" duration-ms="1" started-at="2018-08-21T19:03:48Z" finished-at="2018-08-21T19:03:48Z">
          <reporter-output>
          </reporter-output>
        </test-method> <!-- testStrings -->
        <test-method status="PASS" signature="testSum()[pri:0, instance:testclasses.TestNG_Asserts@5afa04c]" name="testSum" duration-ms="1" started-at="2018-08-21T19:03:48Z" finished-at="2018-08-21T19:03:48Z">
          <reporter-output>
          </reporter-output>
        </test-method> <!-- testSum -->
      </class> <!-- testclasses.TestNG_Asserts -->
    </test> <!-- Default test -->
  </suite> <!-- Default suite -->
</testng-results>
