<?xml version="1.0" encoding="UTF-8"?>
<!-- Generated by org.testng.reporters.JUnitXMLReporter -->
<testsuite hostname="DESKTOP-30NEVDE" ignored="0" name="Default test" tests="3" failures="0" timestamp="21 ago 2018 17:27:05 GMT" time="0.042" errors="0">
  <testcase name="testMethod1" time="0.013" classname="testclasses.TestAnnotation"/>
  <testcase name="testMethod2" time="0.002" classname="testclasses.TestAnnotation"/>
  <testcase name="testMethod3" time="0.001" classname="testclasses.TestAnnotation"/>
</testsuite> <!-- Default test -->
