<?xml version="1.0" encoding="UTF-8"?>
<!-- Generated by org.testng.reporters.JUnitXMLReporter -->
<testsuite hostname="DESKTOP-30NEVDE" ignored="0" name="Default test" tests="3" failures="0" timestamp="22 ago 2018 00:03:48 GMT" time="0.035" errors="0">
  <testcase name="testArrays" time="0.011" classname="testclasses.TestNG_Asserts"/>
  <testcase name="testStrings" time="0.001" classname="testclasses.TestNG_Asserts"/>
  <testcase name="testSum" time="0.001" classname="testclasses.TestNG_Asserts"/>
</testsuite> <!-- Default test -->
